[2021-03-21 16:12:45.737] [exthost] [info] extension host started
[2021-03-21 16:12:45.762] [exthost] [info] ExtensionService#_doActivateExtension vscode.microsoft-authentication {"startup":false,"extensionId":{"value":"vscode.microsoft-authentication","_lower":"vscode.microsoft-authentication"},"activationEvent":"onAuthenticationRequest:microsoft"}
[2021-03-21 16:12:45.762] [exthost] [info] ExtensionService#loadCommonJSModule file:///var/lib/snapd/snap/code/59/usr/share/code/resources/app/extensions/microsoft-authentication/dist/extension.js
[2021-03-21 16:12:45.771] [exthost] [info] ExtensionService#_doActivateExtension vscode.debug-auto-launch {"startup":true,"extensionId":{"value":"vscode.debug-auto-launch","_lower":"vscode.debug-auto-launch"},"activationEvent":"*"}
[2021-03-21 16:12:45.771] [exthost] [info] ExtensionService#loadCommonJSModule file:///var/lib/snapd/snap/code/59/usr/share/code/resources/app/extensions/debug-auto-launch/dist/extension
[2021-03-21 16:12:45.773] [exthost] [info] ExtensionService#_doActivateExtension vscode.git {"startup":true,"extensionId":{"value":"vscode.github","_lower":"vscode.github"},"activationEvent":"*"}
[2021-03-21 16:12:45.773] [exthost] [info] ExtensionService#loadCommonJSModule file:///var/lib/snapd/snap/code/59/usr/share/code/resources/app/extensions/git/dist/main
[2021-03-21 16:12:45.841] [exthost] [info] ExtensionService#_doActivateExtension vscode.github {"startup":true,"extensionId":{"value":"vscode.github","_lower":"vscode.github"},"activationEvent":"*"}
[2021-03-21 16:12:45.841] [exthost] [info] ExtensionService#loadCommonJSModule file:///var/lib/snapd/snap/code/59/usr/share/code/resources/app/extensions/github/dist/extension.js
[2021-03-21 16:12:45.845] [exthost] [info] ExtensionService#_doActivateExtension ms-vscode.js-debug {"startup":false,"extensionId":{"value":"ms-vscode.js-debug","_lower":"ms-vscode.js-debug"},"activationEvent":"onCommand:extension.js-debug.clearAutoAttachVariables"}
[2021-03-21 16:12:45.845] [exthost] [info] ExtensionService#loadCommonJSModule file:///var/lib/snapd/snap/code/59/usr/share/code/resources/app/extensions/ms-vscode.js-debug/src/extension.js
[2021-03-21 16:12:45.974] [exthost] [info] eager extensions activated
[2021-03-21 16:12:45.989] [exthost] [info] ExtensionService#_doActivateExtension vscode.emmet {"startup":false,"extensionId":{"value":"vscode.emmet","_lower":"vscode.emmet"},"activationEvent":"onStartupFinished"}
[2021-03-21 16:12:45.989] [exthost] [info] ExtensionService#loadCommonJSModule file:///var/lib/snapd/snap/code/59/usr/share/code/resources/app/extensions/emmet/dist/node/emmetNodeMain
[2021-03-21 16:12:45.997] [exthost] [info] ExtensionService#_doActivateExtension vscode.merge-conflict {"startup":false,"extensionId":{"value":"vscode.merge-conflict","_lower":"vscode.merge-conflict"},"activationEvent":"onStartupFinished"}
[2021-03-21 16:12:45.997] [exthost] [info] ExtensionService#loadCommonJSModule file:///var/lib/snapd/snap/code/59/usr/share/code/resources/app/extensions/merge-conflict/dist/mergeConflictMain
[2021-03-21 16:12:45.999] [exthost] [info] ExtensionService#_doActivateExtension vscode.testing-editor-contributions {"startup":false,"extensionId":{"value":"vscode.testing-editor-contributions","_lower":"vscode.testing-editor-contributions"},"activationEvent":"onStartupFinished"}
[2021-03-21 16:12:45.999] [exthost] [info] ExtensionService#loadCommonJSModule file:///var/lib/snapd/snap/code/59/usr/share/code/resources/app/extensions/testing-editor-contributions/dist/extension.js
[2021-03-21 16:12:46.009] [exthost] [info] ExtensionService#_doActivateExtension vscode.github-authentication {"startup":false,"extensionId":{"value":"vscode.github-authentication","_lower":"vscode.github-authentication"},"activationEvent":"onAuthenticationRequest:github"}
[2021-03-21 16:12:46.009] [exthost] [info] ExtensionService#loadCommonJSModule file:///var/lib/snapd/snap/code/59/usr/share/code/resources/app/extensions/github-authentication/dist/extension.js
[2021-03-21 16:12:49.612] [exthost] [info] extension host terminating: received terminate message from renderer
[2021-03-21 16:12:50.615] [exthost] [info] exiting with code 0
